mode: set
github.com\xaevman\cache\CacheFiller.go:22.16,33.2 3 1
github.com\xaevman\cache\CacheFiller.go:35.52,37.22 2 1
github.com\xaevman\cache\CacheFiller.go:41.5,41.18 1 1
github.com\xaevman\cache\CacheFiller.go:37.22,39.6 1 1
github.com\xaevman\cache\DiskCache.go:19.48,24.2 3 1
github.com\xaevman\cache\DiskCache.go:26.51,30.32 3 1
github.com\xaevman\cache\DiskCache.go:30.32,31.36 1 1
github.com\xaevman\cache\DiskCache.go:31.36,33.10 1 1
github.com\xaevman\cache\DiskCache.go:37.42,42.2 3 1
github.com\xaevman\cache\DiskCache.go:44.80,48.19 3 1
github.com\xaevman\cache\DiskCache.go:52.5,56.32 3 1
github.com\xaevman\cache\DiskCache.go:64.5,64.32 1 1
github.com\xaevman\cache\DiskCache.go:48.19,50.6 1 1
github.com\xaevman\cache\DiskCache.go:56.32,58.23 2 1
github.com\xaevman\cache\DiskCache.go:58.23,60.10 1 1
github.com\xaevman\cache\DiskCache.go:67.83,73.19 4 1
github.com\xaevman\cache\DiskCache.go:77.5,78.19 2 1
github.com\xaevman\cache\DiskCache.go:82.5,83.19 2 1
github.com\xaevman\cache\DiskCache.go:88.5,89.37 2 1
github.com\xaevman\cache\DiskCache.go:73.19,75.6 1 0
github.com\xaevman\cache\DiskCache.go:78.19,80.6 1 0
github.com\xaevman\cache\DiskCache.go:83.19,86.6 2 0
github.com\xaevman\cache\DiskCache.go:92.57,96.19 3 1
github.com\xaevman\cache\DiskCache.go:100.5,103.15 3 1
github.com\xaevman\cache\DiskCache.go:96.19,98.6 1 0
github.com\xaevman\cache\SafeReader.go:11.45,15.2 1 1
github.com\xaevman\cache\SafeReader.go:17.51,19.22 2 1
github.com\xaevman\cache\SafeReader.go:26.5,26.18 1 1
github.com\xaevman\cache\SafeReader.go:19.22,21.15 2 1
github.com\xaevman\cache\SafeReader.go:21.15,23.10 1 1
